The system is: Linux - 4.13.0-32-generic - x86_64
Compiling the C compiler identification source file "CMakeCCompilerId.c" succeeded.
Compiler: /usr/bin/cc 
Build flags: 
Id flags:  

The output was:
0


Compilation of the C compiler identification source "CMakeCCompilerId.c" produced "a.out"

The C compiler identification is GNU, found in "/media/files/Man/NumTraectory/cmake-build-debug/CMakeFiles/3.9.6/CompilerIdC/a.out"

Compiling the CXX compiler identification source file "CMakeCXXCompilerId.cpp" succeeded.
Compiler: /usr/bin/c++ 
Build flags: 
Id flags:  

The output was:
0


Compilation of the CXX compiler identification source "CMakeCXXCompilerId.cpp" produced "a.out"

The CXX compiler identification is GNU, found in "/media/files/Man/NumTraectory/cmake-build-debug/CMakeFiles/3.9.6/CompilerIdCXX/a.out"

Determining if the C compiler works passed with the following output:
Change Dir: /media/files/Man/NumTraectory/cmake-build-debug/CMakeFiles/CMakeTmp

Run Build Command:"/usr/bin/make" "cmTC_bdc8d/fast"
/usr/bin/make -f CMakeFiles/cmTC_bdc8d.dir/build.make CMakeFiles/cmTC_bdc8d.dir/build
make[1]: Entering directory '/media/files/Man/NumTraectory/cmake-build-debug/CMakeFiles/CMakeTmp'
Building C object CMakeFiles/cmTC_bdc8d.dir/testCCompiler.c.o
/usr/bin/cc    -o CMakeFiles/cmTC_bdc8d.dir/testCCompiler.c.o   -c /media/files/Man/NumTraectory/cmake-build-debug/CMakeFiles/CMakeTmp/testCCompiler.c
Linking C executable cmTC_bdc8d
/media/files/Programm/LINUXProgramm/clion-2017.3.1/bin/cmake/bin/cmake -E cmake_link_script CMakeFiles/cmTC_bdc8d.dir/link.txt --verbose=1
/usr/bin/cc      CMakeFiles/cmTC_bdc8d.dir/testCCompiler.c.o  -o cmTC_bdc8d 
make[1]: Leaving directory '/media/files/Man/NumTraectory/cmake-build-debug/CMakeFiles/CMakeTmp'


Determining if the CXX compiler works passed with the following output:
Change Dir: /media/files/Man/NumTraectory/cmake-build-debug/CMakeFiles/CMakeTmp

Run Build Command:"/usr/bin/make" "cmTC_6a207/fast"
/usr/bin/make -f CMakeFiles/cmTC_6a207.dir/build.make CMakeFiles/cmTC_6a207.dir/build
make[1]: Entering directory '/media/files/Man/NumTraectory/cmake-build-debug/CMakeFiles/CMakeTmp'
Building CXX object CMakeFiles/cmTC_6a207.dir/testCXXCompiler.cxx.o
/usr/bin/c++     -o CMakeFiles/cmTC_6a207.dir/testCXXCompiler.cxx.o -c /media/files/Man/NumTraectory/cmake-build-debug/CMakeFiles/CMakeTmp/testCXXCompiler.cxx
Linking CXX executable cmTC_6a207
/media/files/Programm/LINUXProgramm/clion-2017.3.1/bin/cmake/bin/cmake -E cmake_link_script CMakeFiles/cmTC_6a207.dir/link.txt --verbose=1
/usr/bin/c++       CMakeFiles/cmTC_6a207.dir/testCXXCompiler.cxx.o  -o cmTC_6a207 
make[1]: Leaving directory '/media/files/Man/NumTraectory/cmake-build-debug/CMakeFiles/CMakeTmp'


