0.948 -0.993 -2.21 0 0 0 0.7 0.0 -0.1 78.50850224494934 
0.948 -0.993 -2.21 0 0 0 0.5 0.1 -0.1 78.60433101654053 
0.948 -0.993 -2.21 0 0 0 0.9 0.1 -0.1 78.70220398902893 
0.948 -0.993 -2.21 0 0 0 0.5 -102.5 -0.1 78.84068822860718 
0.948 -0.993 -2.21 0 0 0 0.5 0.2 -0.1 78.94006752967834 
0.948 -0.993 -2.21 0 0 0 0.5 0.0 -0.1 79.03579640388489 
0.948 -0.993 -2.21 0 0 0 0.4 0.1 -0.1 79.13276505470276 
0.948 -0.993 -2.21 0 0 0 0.7 0.2 -0.1 79.23072934150696 
0.948 -0.993 -2.21 0 0 0 0.4 0.0 -0.1 79.32885503768921 
0.948 -0.993 -2.21 0 0.0 0 0.8 0.2 -0.1 79.46039843559265 
0.948 -0.993 -2.21 0 0 0 0.7 0.1 -0.1 79.55578279495239 
0.948 -0.993 -2.21 0 0 0 0.5 0.1 -0.1 79.6543972492218 
0.948 -0.993 -2.21 0 0 0 0.5 0.3 -0.1 79.79070496559143 
0.948 -0.993 -2.21 0 0 0 0.4 0.2 -0.1 79.8976194858551 
0.948 -0.993 -2.21 0 0 0 0.4 0.1 -0.1 79.99629282951355 
0.948 -0.993 -2.21 0 0 0 0.6 0.2 -0.1 80.0935583114624 
0.948 -0.993 -2.21 0 0 0 0.4 0.0 -0.1 80.19057726860046 
0.948 -0.993 -2.21 0 0 0 0.6 0.1 -0.1 80.2863073348999 
0.948 -0.993 -2.21 0 0 0 0.6 -102.5 -0.1 80.41955614089966 
0.948 -0.993 -2.21 0 0 0 0.6 0.2 -0.1 80.51752829551697 
0.948 -0.993 -2.21 0 0 0 0.7 0.0 -0.1 80.6148624420166 
0.948 -0.993 -2.21 0 0 0 0.4 0.0 -0.1 80.72152829170227 
0.948 -0.993 -2.21 0 0 0 0.7 -102.5 -0.1 80.9048318862915 
0.948 -0.993 -2.21 0 0 0 0.5 0.0 -0.1 81.02487659454346 
0.948 -0.993 -2.21 0 0 0 0.5 0.0 -0.1 81.12139439582825 
0.948 -0.993 -2.21 0 0 0 0.5 0.1 -0.1 81.22438168525696 
0.948 -0.993 -2.21 0 0 0 0.5 0.1 -0.1 81.3202018737793 
0.948 -0.993 -2.21 0 0 0 0.5 0.0 -0.1 81.44153571128845 
0.948 -0.993 -2.21 0 0 0 0.5 0.1 -0.1 81.54285264015198 
0.948 -0.993 -2.21 0 0 0 0.5 0.2 -0.1 81.63938808441162 
0.948 -0.993 -2.21 0 0 0 0.5 0.2 -0.1 81.74641799926758 
0.948 -0.993 -2.21 0 0 0 0.5 0.2 -0.1 81.86004376411438 
0.948 -0.993 -2.21 0 0 0 0.1 0.1 -0.1 81.96254825592041 
0.948 -0.993 -2.21 0 0 0 0.5 0.3 -0.1 82.05890226364136 
0.948 -0.993 -2.21 0 0 0 0.6 0.0 -0.1 82.16997408866882 
0.948 -0.993 -2.21 0 0 0 0.4 0.5 -0.1 82.27394485473633 
0.948 -0.993 -2.21 0 0 0 0.7 0.0 -0.1 82.37118196487427 
0.948 -0.993 -2.21 0 0 0 0.6 0.1 -0.1 82.46851992607117 
0.948 -0.993 -2.21 0 0 0 0.6 0.1 -0.1 82.56528306007385 
0.948 -0.993 -2.21 0 0 0 0.4 -102.5 -0.1 82.69413876533508 
0.948 -0.993 -2.21 0 0 0 0.5 0.1 -0.1 82.8006591796875 
0.948 -0.993 -2.21 0 0 0 0.4 0.2 -0.1 82.89433455467224 
0.948 -0.993 -2.21 0 0 0 0.6 0.2 -0.1 83.00055503845215 
0.948 -0.993 -2.21 0 0 0 0.5 0.2 -0.1 83.11128449440002 
0.948 -0.993 -2.21 0 0 0 0.6 0.2 -0.1 83.21262979507446 
0.948 -0.993 -2.21 0 0 0 0.6 0.0 -0.1 83.32492995262146 
0.948 -0.993 -2.21 0 0 0 0.4 0.1 -0.1 83.42640399932861 
0.948 -0.993 -2.21 0 0 0 0.5 0.0 -0.1 83.52392888069153 
0.948 -0.993 -2.21 0 0 0 0.6 0.1 -0.1 83.64058113098145 
0.948 -0.993 -2.21 0 0 0 0.9 0.2 -0.1 83.74921226501465 
0.948 -0.993 -2.21 0 0 0 0.4 0.2 -0.1 83.84338808059692 
0.948 -0.993 -2.21 0 0 0 0.5 0.3 -0.1 83.94464063644409 
0.948 -0.993 -2.21 0 0 0 0.6 0.2 -0.1 84.05591797828674 
0.948 -0.989 -2.21 0 0 0 0.6 0.3 -0.1 84.15564370155334 
0.948 -0.989 -2.21 0 0 0 0.7 -102.6 -0.1 84.28236842155457 
0.948 -0.989 -2.21 0 0 0 0.6 0.1 -0.1 84.3913209438324 
0.948 -0.989 -2.21 0 0 0 0.6 0.1 -0.1 84.48678946495056 
0.948 -0.989 -2.21 0 0 0 0.4 0.1 -0.1 84.58226156234741 
0.948 -0.986 -2.21 0 0 0 0.4 0.3 -0.1 84.68455052375793 
0.948 -0.973 -2.21 0 0.0667 0 0.4 0.2 -0.1 84.80582690238953 
0.948 -0.973 -2.21 0 0 0 0.5 0.2 -0.1 84.9097695350647 
0.948 -0.973 -2.21 0 0 0 0.5 0.2 -0.1 85.00875973701477 
0.948 -0.973 -2.21 0 0 0 0.4 0.1 -0.1 85.12775373458862 
0.948 -0.973 -2.21 0 0 0 0.5 0.2 -0.1 85.22415280342102 
0.948 -0.973 -2.21 0 0 0 0.5 0.1 -0.1 85.32226538658142 
0.948 -0.973 -2.21 0 0 0 0.5 0.1 -0.1 85.41984295845032 
0.948 -0.973 -2.21 0 0 0 0.4 0.1 -0.1 85.51741576194763 
0.948 -0.973 -2.21 0 0 0 0.4 0.2 -0.1 85.6342031955719 
0.948 -0.977 -2.21 0 0 0 0.4 0.2 -0.1 85.74887228012085 
0.948 -0.973 -2.21 0 0 0 0.6 0.2 -0.1 85.90977334976196 
0.948 -0.973 -2.21 0 0 0 0.5 0.1 -0.1 86.00725984573364 
0.948 -0.973 -2.21 0 0 0 0.9 0.0 -0.1 86.10346865653992 
0.948 -0.973 -2.21 0 0 0 0.6 0.3 -0.1 86.19929337501526 
0.948 -0.973 -2.21 0 0 0 0.5 0.2 -0.1 86.29592537879944 
0.948 -0.973 -2.21 0.0 0 0 0.5 0.1 -0.1 86.41422271728516 
0.948 -0.973 -2.21 0 0 0 0.6 -102.5 -0.1 86.53679156303406 
0.948 -0.973 -2.21 0 0 0 0.4 0.1 -0.1 86.63279509544373 
0.948 -0.973 -2.21 0 0 0 0.3 0.1 -0.1 86.74067878723145 
0.948 -0.973 -2.21 0 0 0 0.3 0.0 -0.1 86.86397218704224 
0.948 -0.973 -2.21 0 0 0 0.5 -102.5 -0.1 86.9739236831665 
0.948 -0.973 -2.21 0 0 0 0.6 0.4 -0.1 87.07011485099792 
0.948 -0.973 -2.21 0 0 0 0.6 0.2 -0.1 87.22438549995422 
0.948 -0.973 -2.21 0 0 0 0.5 0.2 -0.1 87.34861254692078 
0.948 -0.973 -2.21 0 0 0 0.6 0.1 -0.1 87.49678254127502 
0.948 -0.973 -2.21 0 0 0 0.7 0.1 -0.1 87.64166593551636 
0.948 -0.973 -2.21 0 0 0 0.6 0.2 -0.1 87.79889798164368 
0.948 -0.973 -2.21 0 0 0 0.5 0.1 -0.1 87.92974829673767 
0.948 -0.973 -2.21 0 0 0 0.5 0.2 -0.1 88.0643093585968 
0.948 -0.973 -2.21 0 0 0 0.5 0.2 -0.1 88.16175889968872 
0.948 -0.973 -2.21 0 0 0 0.6 0.2 -0.1 88.25865387916565 
0.948 -0.973 -2.21 0 0 0 0.7 0.2 -0.1 88.38409566879272 
0.948 -0.973 -2.21 0 0 0 0.4 0.0 -0.1 88.48771166801453 
0.948 -0.973 -2.21 0 0 0 0.5 0.0 -0.1 88.5836455821991 
0.948 -0.973 -2.21 0 0 0 0.5 0.2 -0.1 88.68010210990906 
0.948 -0.973 -2.21 0 0 0 0.6 0.0 -0.1 88.78158140182495 
0.948 -0.973 -2.21 0 0 0 0.8 0.2 -0.1 88.87952756881714 
0.948 -0.973 -2.21 0 0 0 0.6 0.2 -0.1 88.99178338050842 
0.948 -0.973 -2.21 0.0 0 0 0.7 0.1 -0.1 89.09934210777283 
0.948 -0.973 -2.21 0 0 0 0.6 0.0 -0.1 89.19581770896912 
0.948 -0.973 -2.21 0 0 0 0.5 0.1 -0.1 89.29557204246521 
0.948 -0.973 -2.21 0 0 0 0.5 0.2 -0.1 89.391197681427 
0.948 -0.973 -2.21 0 0 0 0.3 0.2 -0.1 89.48961734771729 
0.948 -0.973 -2.21 0 0 0 0.4 0.1 -0.1 89.60418701171875 
0.948 -0.973 -2.21 0 0 0 0.7 0.0 -0.1 89.70391511917114 
0.948 -0.973 -2.21 0 0 0 0.5 -102.5 -0.1 89.81730151176453 
0.948 -0.973 -2.21 0 0 0 0.5 0.2 -0.1 89.92810153961182 
0.948 -0.973 -2.21 0 0 0 0.8 0.1 -0.1 90.04133796691895 
0.948 -0.973 -2.21 0 0 0 0.2 0.0 -0.1 90.13681101799011 
0.948 -0.973 -2.21 0 0 0 0.8 0.1 -0.1 90.25888442993164 
0.948 -0.973 -2.21 0 0 0 0.6 0.2 -0.1 90.35746669769287 
0.948 -0.973 -2.21 0 0 0 0.6 0.2 -0.1 90.45938277244568 
0.948 -0.973 -2.21 0 0 0 0.4 0.2 -0.1 90.56453132629395 
0.948 -0.973 -2.21 0 0 0 0.6 0.1 -0.1 90.67237424850464 
0.948 -0.973 -2.21 0 0 0 0.6 0.1 -0.1 90.77715587615967 
0.948 -0.973 -2.21 0 0 0 0.5 0.0 -0.1 90.9048535823822 
0.948 -0.973 -2.21 0 0 0 0.6 0.2 -0.1 91.00172829627991 
0.948 -0.973 -2.21 0 0 0 0.5 0.1 -0.1 91.09781432151794 
0.948 -0.973 -2.21 0 0 0 0.5 0.2 -0.1 91.19534873962402 
0.948 -0.973 -2.21 0.0 0.0 0 0.6 -102.6 -0.1 91.3284649848938 
0.948 -0.973 -2.21 0 0 0 0.3 0.2 -0.1 91.42441773414612 
0.948 -0.973 -2.21 0 0 0 0.5 0.0 -0.1 91.52044653892517 
0.948 -0.973 -2.21 0 0 0 0.8 0.2 -0.1 91.6173632144928 
0.948 -0.973 -2.21 0 0 0 0.7 0.2 -0.1 91.74330520629883 
0.948 -0.973 -2.21 0 0 0 0.5 0.2 -0.1 91.83918118476868 
0.948 -0.973 -2.21 0 0 0 0.4 0.0 -0.1 91.94237804412842 
0.948 -0.973 -2.21 0 0 0 0.6 0.3 -0.1 92.05017828941345 
0.948 -0.973 -2.21 0 0 0 0.7 0.3 -0.1 92.15762257575989 
0.948 -0.973 -2.21 0 0 0 0.6 0.0 -0.1 92.25376224517822 
0.948 -0.973 -2.21 0 0 0 0.4 0.3 -0.1 92.35152506828308 
0.948 -0.973 -2.21 0 0 0 0.7 0.1 -0.1 92.44876837730408 
0.948 -0.973 -2.21 0 0 0 0.7 0.1 -0.1 92.5707094669342 
0.948 -0.973 -2.21 0 0 0 0.5 0.1 -0.1 92.66778087615967 
0.948 -0.973 -2.21 0 0 0 0.6 0.2 -0.1 92.76761507987976 
0.948 -0.973 -2.21 0 0 0 0.4 0.5 -0.1 92.86378717422485 
0.948 -0.973 -2.21 0 0 0 0.5 0.0 -0.1 92.96283864974976 
0.948 -0.973 -2.21 0 0 0 0.7 0.2 -0.1 93.06039476394653 
0.948 -0.973 -2.21 0 0 0 0.5 0.2 -0.1 93.1775312423706 
0.948 -0.973 -2.21 0 0 0 0.9 0.3 -0.1 93.2794930934906 
0.948 -0.973 -2.21 0 0 0 0.6 0.1 -0.1 93.37405467033386 
0.948 -0.973 -2.21 0 0 0 0.4 0.2 -0.1 93.47044467926025 
0.948 -0.973 -2.21 0 0 0 0.4 0.2 -0.1 93.56678652763367 
0.948 -0.973 -2.21 0 0 0 0.8 0.1 -0.1 93.68472480773926 
0.948 -0.973 -2.21 0 0 0 0.6 0.2 -0.1 93.79475450515747 
0.948 -0.973 -2.21 0 0 0 0.7 0.0 -0.1 93.89785075187683 
0.948 -0.973 -2.21 0 0 0 0.6 0.2 -0.1 94.0204873085022 
0.948 -0.973 -2.21 0 0 0 0.6 0.1 -0.1 94.12371730804443 
0.948 -0.973 -2.21 0 0 0 0.6 0.0 -0.1 94.21988034248352 
0.948 -0.973 -2.21 0 0 0 0.7 0.3 -0.1 94.31549859046936 
0.948 -0.973 -2.21 0 0.0 0 0.6 0.0 -0.1 94.43727231025696 
0.948 -0.973 -2.21 0 0 0 0.5 0.1 -0.1 94.53418684005737 
0.948 -0.973 -2.21 0 0 0 0.4 0.3 -0.1 94.63118863105774 
0.948 -0.973 -2.21 0 0 0 0.6 0.1 -0.1 94.72755742073059 
0.948 -0.973 -2.21 0 0 0 0.6 0.2 -0.1 94.82832598686218 
0.948 -0.973 -2.21 0 0 0 0.4 0.1 -0.1 94.9475884437561 
0.948 -0.973 -2.21 0 0 0 0.5 0.2 -0.1 95.04776406288147 
0.948 -0.973 -2.21 0 0 0 0.6 0.4 -0.1 95.14186644554138 
0.948 -0.973 -2.21 0 0 0 0.7 0.2 -0.1 95.2440915107727 
0.948 -0.973 -2.21 0 0 0 0.6 0.1 -0.1 95.35574555397034 
0.948 -0.973 -2.21 0 0 0 0.5 0.2 -0.1 95.45982098579407 
0.948 -0.973 -2.21 0 0 0 0.5 0.0 -0.1 95.5552990436554 
0.948 -0.973 -2.21 0 0 0 0.3 0.2 -0.1 95.6515462398529 
0.948 -0.973 -2.21 0 0 0 0.4 0.2 -0.1 95.79562425613403 
0.948 -0.973 -2.21 0 0 0 0.9 0.2 -0.1 95.92518734931946 
0.948 -0.973 -2.21 0 0 0 0.8 0.2 -0.1 96.02061915397644 
0.948 -0.973 -2.21 0 0.0 0 0.5 0.1 -0.1 96.14202404022217 
0.948 -0.973 -2.21 0 0 0 0.5 0.0 -0.1 96.24169540405273 
0.948 -0.973 -2.21 0 0 0 0.5 0.0 -0.1 96.33760738372803 
0.948 -0.973 -2.21 0 0 0 0.4 0.1 -0.1 96.4397976398468 
0.948 -0.973 -2.21 0 0 0 0.5 0.1 -0.1 96.55134510993958 
0.948 -0.973 -2.21 0 0 0 0.4 0.0 -0.1 96.65259218215942 
0.948 -0.973 -2.21 0 0 0 0.7 0.2 -0.1 96.75088739395142 
0.948 -0.973 -2.21 0 0 0 0.7 0.1 -0.1 96.87074089050293 
0.948 -0.973 -2.21 0 0 0 0.6 -102.5 -0.1 96.97740149497986 
0.948 -0.973 -2.21 0 0 0 0.3 0.2 -0.1 97.07220792770386 
0.948 -0.973 -2.21 0 0 0 0.5 0.2 -0.1 97.17085075378418 
0.948 -0.973 -2.21 0 0 0 0.5 0.1 -0.1 97.28970003128052 
0.948 -0.973 -2.21 0 0 0 0.6 0.1 -0.1 97.3877694606781 
0.948 -0.973 -2.21 0 0 0 0.4 0.2 -0.1 97.49014377593994 
0.948 -0.973 -2.21 0 0 0 0.4 0.2 -0.1 97.58763527870178 
0.948 -0.973 -2.21 0 0 0 0.5 0.3 -0.1 97.70551657676697 
0.948 -0.973 -2.21 0 0 0 0.4 0.0 -0.1 97.8074095249176 
0.948 -0.973 -2.21 0 0 0 0.7 0.0 -0.1 97.90387845039368 
0.948 -0.973 -2.21 0 0 0 0.3 0.1 -0.1 98.00195860862732 
0.948 -0.973 -2.21 0 0 0 0.5 0.2 -0.1 98.12411975860596 
0.948 -0.973 -2.21 0 0 0 0.5 0.2 -0.1 98.2245500087738 
0.948 -0.973 -2.21 0 0 0 0.4 0.1 -0.1 98.32089424133301 
0.948 -0.973 -2.21 0 0 0 0.5 -102.5 -0.1 98.43409466743469 
0.948 -0.973 -2.21 0.0 0 0 0.6 0.1 -0.1 98.54760074615479 
0.948 -0.973 -2.21 0 0 0 0.4 0.0 -0.1 98.64329433441162 
0.948 -0.973 -2.21 0 0 0 0.4 -102.5 -0.1 98.79812407493591 
0.948 -0.973 -2.21 0 0 0 0.7 0.1 -0.1 98.9013934135437 
0.948 -0.973 -2.21 0 0 0 0.6 0.3 -0.1 98.99848175048828 
0.948 -0.973 -2.21 0 0 0 0.4 0.1 -0.1 99.1181812286377 
0.948 -0.973 -2.21 0 0 0 0.6 0.2 -0.1 99.21737575531006 
0.948 -0.973 -2.21 0 0 0 0.8 0.4 -0.1 99.31393194198608 
0.948 -0.973 -2.21 0 0 0 0.6 0.1 -0.1 99.41074824333191 
0.948 -0.973 -2.21 0 0 0 0.6 0.3 -0.1 99.50574398040771 
0.948 -0.973 -2.21 0 0 0 0.5 0.3 -0.1 99.61996603012085 
0.948 -0.973 -2.21 0 0 0 0.6 -102.5 -0.1 99.74427437782288 
0.948 -0.973 -2.21 0 0 0 0.5 0.0 -0.1 99.84207510948181 
0.948 -0.973 -2.21 0 0 0 0.5 0.0 -0.1 100.00331592559814 
0.948 -0.973 -2.21 0.0 0 0 0.9 0.1 -0.1 100.11068964004517 
0.936 -0.973 -2.21 -0.1667 0 0 0.8 0.2 -0.1 100.22741436958313 
0.908 -0.973 -2.21 -0.25 0 0 0.6 0.5 -0.1 100.33133435249329 
0.896 -0.973 -2.21 -0.2 0 0 0.5 0.2 -0.1 100.43783187866211 
0.874 -0.973 -2.21 -0.2 0 0 0.6 0.0 -0.1 100.56255912780762 
0.844 -0.973 -2.21 -0.25 0 0 0.7 0.1 -0.1 100.66087698936462 
0.824 -0.973 -2.21 -0.3333 0 0 0.4 0.0 -0.1 100.82994937896729 
0.781 -0.973 -2.21 -0.3833 0 0 0.4 0.2 -0.1 100.95207142829895 
0.734 -0.973 -2.21 -0.4167 0.0 0 0.6 0.2 -0.1 101.06448245048523 
0.716 -0.973 -2.21 -0.3 0 0 0.5 0.0 -0.1 101.17191958427429 
0.674 -0.973 -2.21 -0.3333 0 0 0.7 0.4 -0.1 101.26998949050903 
0.622 -0.973 -2.21 -0.3667 0 0 0.6 0.3 -0.1 101.39754009246826 
0.597 -0.973 -2.21 -0.4167 0 0 0.7 0.4 -0.1 101.49441051483154 
0.572 -0.973 -2.21 -0.4167 0 0 0.6 0.1 -0.1 101.60149240493774 
0.527 -0.973 -2.21 -0.3667 0 0 0.5 0.2 -0.1 101.71873164176941 
0.482 -0.973 -2.21 -0.3833 0 0 0.6 0.2 -0.1 101.82379817962646 
0.457 -0.973 -2.21 -0.4167 0 0 0.5 0.1 -0.1 101.93238592147827 
0.405 -0.973 -2.21 -0.45 0 0 0.6 0.0 -0.1 102.05287599563599 
0.355 -0.973 -2.21 -0.4167 0 0 0.5 -102.5 -0.1 102.16999554634094 
0.3 -0.973 -2.21 -0.5 0 0 0.6 -102.5 -0.1 102.29856586456299 
0.27 -0.973 -2.21 -0.5 0 0 0.4 0.3 -0.1 102.40277314186096 
0.215 -0.973 -2.21 -0.4167 0 0 0.8 0.2 -0.1 102.52403950691223 
0.163 -0.973 -2.21 -0.45 0 0 0.5 0.0 -0.1 102.6223030090332 
0.133 -0.973 -2.21 -0.5 0 0 0.6 0.3 -0.1 102.7218062877655 
0.101 -0.973 -2.21 -0.5333 0 0 0.5 0.0 -0.1 102.85008001327515 
0.036 -0.973 -2.21 -0.5333 0 0 0.4 -102.5 -0.1 102.9698269367218 
-0.017 -0.973 -2.21 -0.4667 0 0 0.4 0.2 -0.1 103.07556390762329 
-0.079 -0.973 -2.21 -0.5333 0 0 0.6 0.0 -0.1 103.1904468536377 
-0.111 -0.973 -2.21 -0.5333 0 0 0.1 0.1 -0.1 103.28728318214417 
-0.139 -0.973 -2.21 -0.4667 0 0 0.7 0.1 -0.1 103.39409017562866 
-0.196 -0.973 -2.21 -0.45 0 0 0.5 0.2 -0.1 103.51758933067322 
-0.253 -0.973 -2.21 -0.45 0 0 0.5 -102.5 -0.1 103.62732529640198 
-0.281 -0.973 -2.21 -0.4667 0 0 0.5 0.2 -0.1 103.75393104553223 
-0.341 -0.973 -2.21 -0.5 0 0 0.4 0.3 -0.1 103.86071038246155 
-0.396 -0.973 -2.21 -0.4667 0 0 0.5 0.1 -0.1 103.97045683860779 
-0.453 -0.973 -2.21 -0.5333 0 0 0.4 0.0 -0.1 104.08090949058533 
-0.485 -0.973 -2.21 -0.5333 0 0 0.5 0.2 -0.1 104.17523145675659 
-0.51 -0.973 -2.21 -0.4167 0 0 0.5 0.3 -0.1 104.29957866668701 
-0.568 -0.973 -2.21 -0.4667 0 0 0.7 0.1 -0.1 104.40469479560852 
-0.627 -0.973 -2.21 -0.4833 0 0 0.6 0.3 -0.1 104.50233864784241 
-0.655 -0.973 -2.21 -0.4667 0 0 0.6 -102.7 -0.1 104.63768482208252 
-0.722 -0.973 -2.21 -0.5 0 0 0.4 0.2 -0.1 104.74779176712036 
-0.78 -0.973 -2.21 -0.55 0 0 0.4 0.2 -0.1 104.85980582237244 
-0.839 -0.973 -2.21 -0.5 0.0 0.0 0.6 0.3 -0.1 104.96729040145874 
-0.867 -0.973 -2.21 -0.4667 0 0 0.6 -102.5 -0.1 105.0827305316925 
-0.927 -0.973 -2.21 -0.4667 0 0 0.8 0.3 -0.1 105.20575404167175 
-0.969 -0.973 -2.21 0 0 0 0.3 0.4 -0.1 105.301997423172 
-0.964 -0.973 -2.21 0 0 0 0.6 0.2 -0.1 105.39739680290222 
-0.964 -0.973 -2.21 0 0 0 0.7 0.1 -0.1 105.51035380363464 
-0.964 -0.973 -2.21 0.0 0 0 0.5 0.1 -0.1 105.61479783058167 
-0.964 -0.973 -2.21 0 0 0 0.7 0.1 -0.1 105.71212267875671 
-0.964 -0.973 -2.21 0 0 0 0.5 0.1 -0.1 105.87015271186829 
-0.964 -0.973 -2.21 0 0 0 0.6 0.2 -0.1 105.98488163948059 
-0.964 -0.973 -2.21 0 0 0 0.5 -102.5 -0.1 106.09170722961426 
-0.964 -0.973 -2.21 0 0 0 0.5 0.2 -0.1 106.18880486488342 
-0.964 -0.973 -2.21 0 0 0 0.5 0.1 -0.1 106.2844889163971 
-0.964 -0.973 -2.21 0 0.0 0 0.4 0.1 -0.1 106.40434074401855 
-0.964 -0.973 -2.21 0 0 0 0.7 -102.5 -0.1 106.51089930534363 
-0.964 -0.973 -2.21 0 0 0 0.6 0.3 -0.1 106.60732913017273 
-0.964 -0.973 -2.21 0 0 0 0.7 0.2 -0.1 106.70144057273865 
-0.964 -0.973 -2.21 0 0 0 0.4 0.0 -0.1 106.80390620231628 
-0.964 -0.973 -2.21 0 0 0 0.2 0.2 -0.1 106.92127728462219 
-0.964 -0.973 -2.21 0 0 0 0.5 0.1 -0.1 107.02060914039612 
-0.964 -0.973 -2.21 0 0 0 0.2 0.2 -0.1 107.1178228855133 
-0.964 -0.973 -2.21 0 0 0 0.5 0.0 -0.1 107.21264147758484 
-0.964 -0.973 -2.21 0 0 0 0.4 0.1 -0.1 107.30767560005188 
-0.964 -0.973 -2.21 0 0 0 0.7 0.0 -0.1 107.42446303367615 
-0.964 -0.973 -2.21 0 0 0 0.7 0.4 -0.1 107.52037596702576 
-0.964 -0.973 -2.21 0 0 0 0.5 0.0 -0.1 107.6226716041565 
-0.964 -0.973 -2.21 0 0 0 0.5 0.1 -0.1 107.71737504005432 
-0.964 -0.973 -2.21 0 0 0 0.6 0.2 -0.1 107.8251724243164 
-0.964 -0.973 -2.21 0.0 0.0 0 0.4 0.1 -0.1 107.94977331161499 
-0.964 -0.973 -2.21 0 0 0 0.7 0.3 -0.1 108.05200433731079 
-0.964 -0.973 -2.21 0 0 0 0.5 0.2 -0.1 108.1469075679779 
-0.964 -0.973 -2.21 0 0 0 0.5 0.3 -0.1 108.24353361129761 
-0.964 -0.973 -2.21 0 0 0 0.6 0.3 -0.1 108.3392071723938 
-0.964 -0.973 -2.21 0 0 0 0.4 0.2 -0.1 108.43529915809631 
-0.964 -0.973 -2.21 0 0 0 0.6 0.2 -0.1 108.53117227554321 
-0.964 -0.973 -2.21 0 0.0 0 0.3 0.2 -0.1 108.650808095932 
-0.964 -0.973 -2.21 0 0 0 0.5 0.2 -0.1 108.75083804130554 
-0.964 -0.973 -2.21 0 0 0 0.5 0.2 -0.1 108.85550665855408 
-0.964 -0.973 -2.21 0 0 0 0.3 0.0 -0.1 108.95449495315552 
-0.964 -0.973 -2.21 0 0 0 0.2 0.0 -0.1 109.0507652759552 
-0.964 -0.973 -2.21 0 0 0 0.4 0.3 -0.1 109.18284630775452 
-0.964 -0.973 -2.21 0 0 0 0.6 0.0 -0.1 109.28089237213135 
-0.964 -0.973 -2.21 0 0 0 0.5 0.1 -0.1 109.37684655189514 
-0.964 -0.973 -2.21 0 0 0 0.5 0.2 -0.1 109.4942831993103 
-0.964 -0.973 -2.21 0 0 0 0.6 0.1 -0.1 109.59172415733337 
-0.964 -0.973 -2.21 0 0 0 0.4 -102.5 -0.1 109.71990013122559 
-0.964 -0.973 -2.21 0 0 0 0.4 0.0 -0.1 109.85234928131104 
-0.964 -0.973 -2.21 0 0 0.0 0.4 0.2 -0.1 110.00740218162537 
-0.964 -0.973 -2.21 0 0 0 0.4 -102.5 -0.1 110.1676185131073 
-0.964 -0.973 -2.21 0 0 0 0.6 0.2 -0.1 110.32044315338135 
-0.964 -0.973 -2.21 0 0 0 0.5 0.1 -0.1 110.46972894668579 
-0.964 -0.973 -2.21 0 0 0 0.5 0.1 -0.1 110.60451197624207 
-0.964 -0.973 -2.21 0 0 0 0.6 0.1 -0.1 110.71269011497498 
-0.964 -0.973 -2.21 0 0 0 0.3 0.1 -0.1 110.82568979263306 
-0.964 -0.973 -2.21 0 0 0 0.6 0.2 -0.1 110.92333674430847 
-0.964 -0.973 -2.21 0.0 0.0 0 0.8 0.1 -0.1 111.05396485328674 
-0.964 -0.973 -2.21 0 0 0 0.7 0.2 -0.1 111.1593108177185 
-0.964 -0.973 -2.21 0 0 0 0.5 0.1 -0.1 111.25764846801758 
-0.964 -0.973 -2.21 0 0 0 0.5 0.0 -0.1 111.36378312110901 
-0.964 -0.973 -2.21 0 0 0 0.6 0.1 -0.1 111.46226668357849 
-0.964 -0.973 -2.21 0 0 0 0.5 0.3 -0.1 111.58180046081543 
-0.964 -0.973 -2.21 0 0 0 0.4 0.1 -0.1 111.68425416946411 
-0.964 -0.973 -2.21 0 0 0 0.6 0.2 -0.1 111.78691911697388 
-0.964 -0.973 -2.21 0 0 0 0.6 0.3 -0.1 111.88166213035583 
-0.964 -0.973 -2.21 0 0 0 0.5 0.2 -0.1 111.98680782318115 
-0.964 -0.973 -2.21 0 0 0.0 0.5 -102.5 -0.1 112.11783838272095 
-0.964 -0.973 -2.21 0 0 0 0.6 0.1 -0.1 112.21527791023254 
-0.964 -0.973 -2.21 0 0 0 0.5 0.2 -0.1 112.31064653396606 
-0.964 -0.973 -2.21 0 0 0 0.5 0.1 -0.1 112.42088437080383 
-0.964 -0.973 -2.21 0 0 0 0.6 0.2 -0.1 112.53285837173462 
-0.964 -0.973 -2.21 0 0 0 0.6 0.2 -0.1 112.6396005153656 
-0.964 -0.973 -2.21 0 0 0 0.8 0.0 -0.1 112.74427723884583 
-0.964 -0.973 -2.21 0 0 0 0.5 0.3 -0.1 112.83983182907104 
-0.964 -0.973 -2.21 0 0 0 0.4 0.2 -0.1 112.93781542778015 
-0.964 -0.973 -2.21 0 0 0 0.6 0.1 -0.1 113.0341591835022 
-0.964 -0.973 -2.21 0 0 0 0.5 0.2 -0.1 113.17432951927185 
-0.964 -0.973 -2.21 0 0 0 0.7 0.1 -0.1 113.27155661582947 
-0.964 -0.973 -2.21 0 0 0 0.4 0.0 -0.1 113.36928391456604 
-0.964 -0.973 -2.21 0 0 0 0.6 0.0 -0.1 113.46944093704224 
-0.964 -0.973 -2.21 0 0 0 0.6 0.0 -0.1 113.56773328781128 
-0.964 -0.973 -2.21 0 0 0 0.3 0.0 -0.1 113.68215274810791 
-0.964 -0.973 -2.21 0 0 0 0.7 0.2 -0.1 113.79171514511108 
-0.964 -0.973 -2.21 0 0 0 0.6 0.1 -0.1 113.8896472454071 
-0.964 -0.973 -2.21 0 0 0 0.7 0.1 -0.1 113.98779773712158 
-0.964 -0.973 -2.21 0 0 0 0.6 0.2 -0.1 114.08418941497803 
-0.964 -0.973 -2.21 0 0 0 0.6 0.3 -0.1 114.18168020248413 
-0.964 -0.973 -2.21 0 0 0 0.3 0.2 -0.1 114.29863047599792 
-0.964 -0.973 -2.21 0 0 0 0.4 0.2 -0.1 114.4011800289154 
-0.964 -0.973 -2.21 0 0 0 0.4 0.2 -0.1 114.49781560897827 
-0.964 -0.973 -2.21 0 0 0 0.7 0.1 -0.1 114.59317255020142 
-0.964 -0.973 -2.21 0 0 0 0.6 0.2 -0.1 114.69068694114685 
-0.964 -0.973 -2.21 0 0 0 0.6 0.1 -0.1 114.80138182640076 
-0.964 -0.973 -2.21 0 0 0 0.5 0.1 -0.1 114.92036986351013 
-0.964 -0.973 -2.21 0 0 0 0.4 0.1 -0.1 115.02090382575989 
-0.964 -0.973 -2.21 0 0 0 0.6 0.1 -0.1 115.12418675422668 
-0.964 -0.973 -2.21 0 0 0 0.7 -102.6 -0.1 115.23156666755676 
-0.964 -0.973 -2.21 0 0 0.0 0.7 0.1 -0.1 115.36048936843872 
-0.964 -0.973 -2.21 0 0 0 0.4 0.4 -0.1 115.45781922340393 
-0.964 -0.973 -2.21 0 0 0 0.7 0.1 -0.1 115.55272030830383 
-0.964 -0.973 -2.21 0 0 0 0.7 0.1 -0.1 115.66492366790771 
-0.964 -0.973 -2.21 0 0 0 0.5 0.1 -0.1 115.81152844429016 
-0.964 -0.973 -2.21 0 0 0 0.7 0.2 -0.1 115.92241382598877 
-0.964 -0.973 -2.21 0 0 0 0.5 0.4 -0.1 116.01772284507751 
-0.964 -0.973 -2.21 0 0 0 0.6 0.2 -0.1 116.13414263725281 
-0.964 -0.973 -2.21 0 0 0 0.6 0.0 -0.1 116.23540616035461 
-0.964 -0.973 -2.21 0 0 0 0.5 0.0 -0.1 116.325852394104 
-0.964 -0.973 -2.21 0 0 0 0.4 0.0 -0.1 116.42047691345215 
-0.964 -0.973 -2.21 0 0 0 0.5 0.3 -0.1 116.54754781723022 
-0.964 -0.973 -2.21 0 0 0 0.3 0.1 -0.1 116.6444182395935 
-0.964 -0.973 -2.21 0 0 0 0.7 -102.5 -0.1 116.75530362129211 
-0.964 -0.973 -2.21 0 0 0 0.7 0.0 -0.1 116.87228345870972 
-0.964 -0.973 -2.21 0 0 0 0.5 -102.5 -0.1 116.98640179634094 
-0.964 -0.973 -2.21 0 0 0 0.6 0.4 -0.1 117.08384394645691 
-0.964 -0.973 -2.21 0 0 0 0.4 0.2 -0.1 117.23242044448853 
-0.964 -0.973 -2.21 0 0 0 0.7 0.2 -0.1 117.36118698120117 
-0.964 -0.973 -2.21 0 0 0 0.4 0.1 -0.1 117.50749039649963 
-0.964 -0.973 -2.21 0 0 0 0.4 0.3 -0.1 117.604083776474 
-0.964 -0.973 -2.21 0 0 0 0.6 0.1 -0.1 117.70191812515259 
-0.964 -0.973 -2.21 0 0 0 0.4 0.4 -0.1 117.80267119407654 
-0.964 -0.973 -2.21 0 0 0 0.5 0.1 -0.1 117.89973545074463 
-0.964 -0.973 -2.21 0 0 0 0.5 0.0 -0.1 118.0221438407898 
-0.964 -0.973 -2.21 0 0 0 0.4 0.1 -0.1 118.11982846260071 
-0.964 -0.973 -2.21 0 0 0 0.7 0.0 -0.1 118.22484016418457 
-0.964 -0.973 -2.21 0 0 0 0.4 0.4 -0.1 118.32221722602844 
-0.964 -0.973 -2.21 0 0 0 0.6 0.2 -0.1 118.41940188407898 
-0.964 -0.973 -2.21 0 0 0 0.8 0.4 -0.1 118.55418062210083 
-0.964 -0.973 -2.21 0 0 0 0.5 0.3 -0.1 118.65481925010681 
-0.964 -0.973 -2.21 0 0 0 0.7 0.3 -0.1 118.77633953094482 
-0.964 -0.973 -2.21 0 0 0 0.5 -102.5 -0.1 118.89782881736755 
-0.964 -0.973 -2.21 0 0 0 0.9 0.5 -0.1 119.00205826759338 
-0.964 -0.973 -2.21 0 0 0 0.7 0.1 -0.1 119.0985918045044 
-0.964 -0.973 -2.21 0 0 0 0.6 0.2 -0.1 119.25394105911255 
-0.964 -0.973 -2.21 0 0.0 0.0 0.7 0.1 -0.1 119.37376856803894 
-0.964 -0.97 -2.229 0 0.05 0 0.5 0.0 -0.1 119.48637127876282 
-0.964 -0.97 -2.235 0 0.0 0 0.3 0.2 -0.1 119.59084367752075 
-0.964 -0.97 -2.235 0 0.0 0 0.5 0.4 -0.1 119.70515966415405 
-0.964 -0.97 -2.235 0 0.0 0 0.4 0.2 -0.1 119.8345296382904 
-0.964 -0.97 -2.235 0 0.0 0 0.6 0.1 -0.1 119.93556022644043 
-0.964 -0.961 -2.235 0 0.05 0 0.5 0.2 -0.1 120.05577230453491 
-0.964 -0.948 -2.235 0 0.2167 0 0.5 0.2 -0.1 120.16276049613953 
-0.964 -0.907 -2.235 0 0.4167 0 0.4 0.4 -0.1 120.28537273406982 
-0.964 -0.837 -2.235 0 0.6333 0 0.5 0.2 -0.1 120.38238143920898 
-0.964 -0.802 -2.235 0 0.5833 0 0.6 0.1 -0.1 120.50436615943909 
-0.964 -0.745 -2.235 0 0.4833 0 0.4 -102.5 -0.1 120.6121597290039 
-0.964 -0.678 -2.235 0 0.5833 0 0.5 0.0 -0.1 120.74291586875916 
-0.964 -0.653 -2.235 0 0.4167 0 0.5 0.1 -0.1 120.90729856491089 
-0.964 -0.558 -2.235 0 0.4667 0 0.7 0.2 -0.1 121.01567101478577 
-0.964 -0.526 -2.235 0 0.5333 0 0.5 0.1 -0.1 121.1396415233612 
-0.964 -0.466 -2.235 0 0.4667 0 0.5 0.0 -0.1 121.24531865119934 
-0.964 -0.405 -2.235 0 0.4833 0 0.8 0.0 -0.1 121.34326171875 
-0.964 -0.361 -2.235 0 0.3667 0 0.5 0.1 -0.1 121.468514919281 
-0.964 -0.329 -2.235 0 0.5333 0 0.4 0.2 -0.1 121.5743956565857 
-0.964 -0.259 -2.235 0 0.5833 0 0.6 0.1 -0.1 121.68588495254517 
-0.964 -0.19 -2.235 0 0.05 0 0.7 0.2 -0.1 121.808509349823 
-0.964 -0.18 -2.235 0 0 0 0.5 0.2 -0.1 121.92686867713928 
-0.964 -0.183 -2.235 0 0 0 0.8 0.2 -0.1 122.02421855926514 
-0.964 -0.183 -2.235 0 0 0 0.6 0.0 -0.1 122.12124705314636 
-0.964 -0.183 -2.235 0 0 0 0.4 0.2 -0.1 122.23288774490356 
-0.964 -0.183 -2.235 0 0 0 0.3 0.1 -0.1 122.33757019042969 
-0.964 -0.183 -2.235 0 0 0 0.6 0.2 -0.1 122.4342634677887 
-0.964 -0.183 -2.235 0 0 0 0.4 0.2 -0.1 122.54059910774231 
-0.964 -0.183 -2.235 0 0 0 0.5 0.0 -0.1 122.63826942443848 
-0.964 -0.183 -2.235 0 0 0 0.6 0.2 -0.1 122.76425004005432 
-0.964 -0.183 -2.235 0 0 0 0.5 0.1 -0.1 122.87042498588562 
-0.964 -0.183 -2.235 0 0 0 0.8 0.0 -0.1 122.9680986404419 
-0.964 -0.183 -2.235 0 0 0 0.6 0.1 -0.1 123.06397151947021 
-0.964 -0.183 -2.235 0 0 0 0.7 0.1 -0.1 123.16054630279541 
-0.964 -0.183 -2.235 0 0 0 0.7 0.3 -0.1 123.25770783424377 
-0.964 -0.183 -2.235 0 0 0 0.6 0.3 -0.1 123.37737369537354 
-0.964 -0.183 -2.235 0 0 0 0.6 0.2 -0.1 123.49167203903198 
-0.964 -0.183 -2.235 0 0 0 0.4 0.1 -0.1 123.6442289352417 
-0.964 -0.183 -2.235 0 0 0 0.5 0.3 -0.1 123.77556920051575 
-0.964 -0.183 -2.235 0 0 0 0.6 0.2 -0.1 123.92959427833557 
-0.964 -0.183 -2.235 0 0 0 0.8 0.2 -0.1 124.05579924583435 
-0.964 -0.183 -2.235 0 0 0 0.8 0.1 -0.1 124.17152762413025 
-0.964 -0.183 -2.235 0 0 0 0.5 0.2 -0.1 124.27765846252441 
-0.964 -0.183 -2.235 0 0 0 0.7 0.2 -0.1 124.37441277503967 
-0.964 -0.183 -2.235 0.0 0 0 0.7 0.3 -0.1 124.49492979049683 
-0.964 -0.183 -2.235 0 0 0 0.8 0.4 -0.1 124.59262084960938 
-0.964 -0.183 -2.235 0 0 0 0.5 0.0 -0.1 124.68971061706543 
-0.964 -0.183 -2.235 0 0 0 0.7 0.0 -0.1 124.79957985877991 
-0.964 -0.183 -2.235 0 0 0 0.5 0.4 -0.1 124.89741659164429 
-0.964 -0.183 -2.235 0 0 0 0.6 0.3 -0.1 124.99467897415161 
-0.964 -0.183 -2.235 0 0 0 0.4 0.0 -0.1 125.10983848571777 
-0.964 -0.183 -2.235 0 0.0 0 0.6 0.2 -0.1 125.21430587768555 
-0.964 -0.183 -2.235 0 0 0 0.5 0.1 -0.1 125.31189393997192 
-0.964 -0.183 -2.235 0 0 0 0.7 -102.5 -0.1 125.42038631439209 
-0.964 -0.183 -2.235 0 0 0 0.6 0.2 -0.1 125.51585412025452 
-0.964 -0.183 -2.235 0 0 0 0.6 0.2 -0.1 125.63287615776062 
-0.964 -0.183 -2.235 0 0 0 0.6 0.1 -0.1 125.74774861335754 
-0.964 -0.183 -2.235 0 0 0 0.8 0.1 -0.1 125.86916208267212 
-0.964 -0.183 -2.235 0 0 0 0.5 0.0 -0.1 126.0218563079834 
-0.964 -0.183 -2.235 0 0 0 0.6 0.2 -0.1 126.1188611984253 
-0.964 -0.183 -2.235 0 0 0 0.6 0.0 -0.1 126.24855184555054 
-0.964 -0.183 -2.235 0.0 0 0 0.3 0.0 -0.1 126.35171699523926 
-0.964 -0.183 -2.235 0 0 0 0.7 0.2 -0.1 126.447589635849 
-0.964 -0.183 -2.235 0 0 0 0.5 0.3 -0.1 126.56484794616699 
-0.964 -0.183 -2.235 0.0 0 0 0.7 0.0 -0.1 126.68204736709595 
-0.964 -0.183 -2.235 0 0 0 0.5 0.1 -0.1 126.78969192504883 
-0.964 -0.183 -2.235 0 0 0 0.4 0.2 -0.1 126.88412356376648 
-0.964 -0.183 -2.235 0 0 0 0.6 0.2 -0.1 126.99629092216492 
-0.964 -0.183 -2.235 0 0 0 0.4 0.1 -0.1 127.09953880310059 
-0.964 -0.183 -2.235 0 0 0 0.6 0.1 -0.1 127.1947660446167 
-0.964 -0.183 -2.235 0 0 0 0.5 0.2 -0.1 127.29176759719849 
-0.964 -0.183 -2.235 0 0 0 0.4 0.1 -0.1 127.3905611038208 
-0.964 -0.183 -2.235 0 0 0 0.5 0.0 -0.1 127.50287795066833 
-0.964 -0.183 -2.235 0 0 0 0.4 0.1 -0.1 127.60776662826538 
-0.964 -0.183 -2.235 0 0 0 0.6 0.0 -0.1 127.73516535758972 
-0.964 -0.183 -2.235 0 0 0 0.7 0.0 -0.1 127.86023473739624 
-0.964 -0.18 -2.229 0 0.05 0.1 0.4 0.0 -0.1 127.96468830108643 
-0.964 -0.171 -2.216 0 0.15 0.2167 0.4 0.2 -0.1 128.08993983268738 
-0.964 -0.171 -2.188 0 0.0 0.25 0.5 0.1 -0.1 128.20743680000305 
-0.964 -0.171 -2.162 0 0.0 0.2167 0.5 -102.5 -0.1 128.34420013427734 
-0.964 -0.145 -2.134 0 0.2667 0.25 0.5 0.1 -0.1 128.44441652297974 
-0.964 -0.129 -2.115 0 0.2667 0.3167 0.5 0.3 -0.1 128.5714464187622 
-0.964 -0.101 -2.07 0 0.2167 0.3667 0.4 0.1 -0.1 128.6885006427765 
-0.964 -0.05 -2.029 0 0.4833 0.3667 0.5 0.1 -0.1 128.82569932937622 
-0.964 0.01 -1.978 0 0.4667 0.4167 0.6 0.2 -0.1 128.95226335525513 
-0.964 0.058 -1.927 0 0.3667 0.4333 0.7 0.2 -0.1 129.0514783859253 
-0.964 0.115 -1.902 0 0.5833 0.4167 0.6 0.0 -0.1 129.18252301216125 
-0.964 0.147 -1.845 0 0 0 0.5 -102.6 -0.1 129.2977695465088 
-0.964 0.153 -1.832 0 0 0 0.7 0.0 -0.1 129.4108371734619 
-0.964 0.153 -1.832 0 0 0 0.6 0.0 -0.1 129.5127739906311 
-0.964 0.153 -1.832 0 0 0 0.6 -102.5 -0.1 129.6201639175415 
-0.964 0.153 -1.832 0 0 0 0.5 -102.5 -0.1 129.75562238693237 
-0.964 0.153 -1.832 0 0 0 0.8 0.2 -0.1 129.85337233543396 
-0.964 0.153 -1.832 0 0 0 0.5 0.0 -0.1 129.95154213905334 
-0.964 0.153 -1.832 0 0 0 0.5 0.0 -0.1 130.05526900291443 
-0.964 0.153 -1.832 0 0 0 0.5 0.1 -0.1 130.15240287780762 
-0.964 0.153 -1.832 0.0 0.0 0 0.6 0.2 -0.1 130.2741870880127 
-0.964 0.153 -1.832 0 0 0 0.6 0.1 -0.1 130.3700304031372 
-0.964 0.153 -1.832 0 0 0 0.3 0.1 -0.1 130.46527671813965 
-0.964 0.153 -1.832 0 0 0 0.6 0.2 -0.1 130.5618917942047 
-0.964 0.153 -1.832 0 0 0 0.6 0.2 -0.1 130.65883016586304 
-0.964 0.153 -1.832 0 0 0 0.5 0.3 -0.1 130.78986978530884 
-0.964 0.153 -1.832 0 0 0 0.5 0.2 -0.1 130.89333486557007 
-0.964 0.153 -1.832 0 0 0 0.9 0.0 -0.1 130.99194931983948 
-0.964 0.153 -1.832 0 0 0 0.7 0.2 -0.1 131.08879733085632 
-0.964 0.153 -1.832 0 0 0 0.5 0.2 -0.1 131.22471070289612 
-0.964 0.153 -1.832 0 0 0 0.6 0.1 -0.1 131.32192516326904 
-0.964 0.153 -1.832 0 0 0 0.6 0.4 -0.1 131.42066740989685 
-0.964 0.153 -1.832 0 0 0 0.5 0.4 -0.1 131.52483868598938 
-0.964 0.153 -1.832 0 0 0 0.4 0.0 -0.1 131.65081429481506 
-0.964 0.153 -1.832 0 0 0 0.5 0.2 -0.1 131.76075530052185 
-0.964 0.153 -1.832 0 0 0 0.8 0.2 -0.1 131.86744117736816 
-0.964 0.153 -1.832 0 0 0 0.5 0.1 -0.1 131.96410131454468 
-0.964 0.153 -1.832 0 0 0 0.5 0.1 -0.1 132.06225633621216 
-0.964 0.153 -1.832 0 0 0 0.5 -102.5 -0.1 132.1955292224884 
-0.964 0.153 -1.832 0 0 0 0.3 0.0 -0.1 132.29276609420776 
-0.964 0.153 -1.832 0 0 0 0.8 0.1 -0.1 132.39089059829712 
-0.964 0.153 -1.832 0 0 0 0.6 0.1 -0.1 132.48882222175598 
-0.964 0.153 -1.832 0 0 0 0.8 0.3 -0.1 132.58395648002625 
-0.964 0.153 -1.832 0 0 0 0.6 0.1 -0.1 132.7149269580841 
-0.964 0.153 -1.832 0 0 0 0.4 0.2 -0.1 132.81317496299744 
-0.964 0.153 -1.832 0 0 0 0.5 0.0 -0.1 132.9148051738739 
-0.964 0.153 -1.832 0 0 0 0.3 0.3 -0.1 133.02876806259155 
-0.964 0.153 -1.832 0 0 0 0.5 0.2 -0.1 133.13189125061035 
-0.964 0.153 -1.832 0 0 0 0.6 0.1 -0.1 133.23289108276367 
-0.964 0.153 -1.832 0 0 0 0.6 0.2 -0.1 133.38783240318298 
-0.964 0.153 -1.832 0 0.0 0.0 0.7 -102.6 -0.1 133.51769423484802 
-0.964 0.137 -1.851 0 -0.1667 -0.2667 0.6 0.1 -0.1 133.63140392303467 
-0.964 0.134 -1.873 0 -0.05 -0.15 0.7 0.1 -0.1 133.76227855682373 
-0.964 0.134 -1.908 0 0.0 -0.3167 0.4 0.1 -0.1 133.87334728240967 
-0.964 0.134 -1.927 0 0.0 -0.3167 0.3 0.3 -0.1 134.00071740150452 
-0.964 0.134 -1.965 0 0.0 -0.3167 0.6 0.2 -0.1 134.10880613327026 
-0.964 0.134 -2.003 0 0.0 -0.3167 0.4 0.2 -0.1 134.23998045921326 
-0.964 0.074 -2.051 0 -0.6333 -0.4167 0.4 0.1 -0.1 134.3525218963623 
-0.964 0.013 -2.099 0 -0.4333 -0.3833 0.2 0.0 -0.1 134.46329498291016 
-0.964 -0.018 -2.127 0 -0.5167 -0.4667 0.7 0.2 -0.1 134.59039521217346 
-0.964 -0.079 -2.169 0 -0.4833 0 0.4 0.2 -0.1 134.69858765602112 
-0.964 -0.123 -2.169 0 -0.3667 0 0.6 0.3 -0.1 134.80931329727173 
-0.964 -0.196 -2.169 0 -0.6833 0 0.6 0.2 -0.1 134.92257475852966 
-0.964 -0.228 -2.169 0 -0.5333 0 0.5 0.3 -0.1 135.03477692604065 
-0.964 -0.288 -2.169 0 -0.4833 0 0.6 0.2 -0.1 135.1413288116455 
-0.964 -0.32 -2.169 0 -0.5333 0 0.8 -102.5 -0.1 135.27078247070312 
-0.964 -0.377 -2.169 0 -0.3667 0 0.3 0.0 -0.1 135.37559938430786 
-0.964 -0.44 -2.169 0 -0.5833 0 0.5 0.3 -0.1 135.49267625808716 
-0.964 -0.507 -2.169 0 -0.5333 0 0.6 0.3 -0.1 135.5941333770752 
-0.964 -0.536 -2.169 0 -0.4833 0 0.6 0.3 -0.1 135.70016407966614 
-0.964 -0.602 -2.169 0 -0.5333 0 0.7 0.3 -0.1 135.88979649543762 
-0.964 -0.691 -2.169 0 -0.4667 0 0.4 0.2 -0.1 136.00715947151184 
-0.964 -0.716 -2.169 0 -0.4167 0 0.5 0.3 -0.1 136.111958026886 
-0.964 -0.786 -2.169 0 -0.5167 0 0.5 0.2 -0.1 136.20983791351318 
-0.964 -0.818 -2.169 0 -0.5333 0 0.7 -102.5 -0.1 136.3452923297882 
-0.964 -0.891 -2.169 0 -0.5833 0 0.7 0.0 -0.1 136.44395208358765 
-0.964 -0.935 -2.169 0 -0.3667 0 0.5 0.4 -0.1 136.56416821479797 
-0.964 -0.97 -2.169 0 0 0 0.4 0.1 -0.1 136.6659290790558 
-0.964 -0.989 -2.169 0 0 0 0.4 0.1 -0.1 136.77422451972961 
-0.964 -0.986 -2.169 0 0 0 0.5 0.2 -0.1 136.8685712814331 
-0.964 -0.983 -2.169 0 0 0 0.5 0.0 -0.1 136.98477911949158 
-0.964 -0.983 -2.169 0 0 0 0.4 0.2 -0.1 137.0849108695984 
-0.964 -0.983 -2.169 0 0 0 0.6 0.3 -0.1 137.18071579933167 
-0.964 -0.983 -2.169 0 0 0 0.6 -102.5 -0.1 137.29644513130188 
-0.964 -0.983 -2.169 0 0 0 0.7 0.2 -0.1 137.39213013648987 
-0.964 -0.983 -2.169 0.0 0.0 0 0.6 -102.5 -0.1 137.5404441356659 
-0.964 -0.983 -2.169 0 0 0 0.5 0.0 -0.1 137.63749742507935 
-0.964 -0.983 -2.169 0 0 0 0.5 0.2 -0.1 137.73729395866394 
-0.964 -0.983 -2.169 0 0 0 0.5 -102.5 -0.1 137.882093667984 
-0.964 -0.983 -2.169 0 0 0 0.4 0.2 -0.1 137.97759890556335 
-0.964 -0.983 -2.169 0 0 0 0.6 0.1 -0.1 138.08044576644897 
-0.964 -0.983 -2.169 0 0 0 0.6 0.2 -0.1 138.18959188461304 
-0.964 -0.983 -2.169 0 0 0 0.6 -102.6 -0.1 138.3196268081665 
-0.964 -0.983 -2.169 0 0 0 0.5 0.2 -0.1 138.43144488334656 
-0.964 -0.983 -2.169 0 0 0 0.4 0.2 -0.1 138.52995920181274 
-0.964 -0.983 -2.169 0 0 0 0.3 0.0 -0.1 138.62409806251526 
-0.964 -0.983 -2.169 0 0 0 0.7 0.1 -0.1 138.75554394721985 
-0.964 -0.983 -2.169 0 0 0 0.4 0.3 -0.1 138.86758542060852 
-0.964 -0.983 -2.169 0 0 0 0.6 0.0 -0.1 138.9635992050171 
-0.964 -0.983 -2.169 0 0 0 0.3 0.1 -0.1 139.08205723762512 
-0.964 -0.983 -2.169 0 0 0 0.6 0.2 -0.1 139.17931842803955 
-0.964 -0.983 -2.169 0 0 0 0.5 0.2 -0.1 139.28482627868652 
-0.964 -0.983 -2.169 0 0 0 0.5 0.1 -0.1 139.3815610408783 
-0.964 -0.983 -2.169 0 0 0 0.3 0.0 -0.1 139.4928126335144 
-0.964 -0.983 -2.169 0 0 0 0.7 0.0 -0.1 139.59765625 
-0.964 -0.983 -2.169 0 0 0 0.5 0.0 -0.1 139.6948790550232 
-0.964 -0.983 -2.169 0 0 0 0.4 0.0 -0.1 139.7968668937683 
-0.964 -0.983 -2.169 0 0 0 0.5 0.1 -0.1 139.8932409286499 
-0.964 -0.983 -2.169 0 0 0 0.7 0.1 -0.1 140.0042052268982 
-0.964 -0.983 -2.169 0.0 0 0 0.5 -102.5 -0.1 140.12091088294983 
-0.964 -0.983 -2.169 0 0 0 0.7 0.1 -0.1 140.21809554100037 
-0.964 -0.983 -2.169 0 0 0 0.7 0.4 -0.1 140.31365370750427 
-0.964 -0.983 -2.169 0 0 0 0.6 0.0 -0.1 140.41153001785278 
-0.964 -0.983 -2.169 0 0 0 0.5 0.3 -0.1 140.52822279930115 
-0.964 -0.983 -2.169 0 0 0 0.6 -102.6 -0.1 140.64015460014343 
-0.964 -0.983 -2.169 0 0 0 0.6 0.2 -0.1 140.74921226501465 
-0.964 -0.983 -2.169 0 0 0 0.4 0.2 -0.1 140.91374802589417 
-0.964 -0.983 -2.169 0 0 0 0.5 0.1 -0.1 141.0119287967682 
-0.964 -0.983 -2.169 0 0 0 0.5 0.3 -0.1 141.10892152786255 
-0.964 -0.983 -2.169 0 0 0 0.5 0.0 -0.1 141.20577788352966 
-0.964 -0.983 -2.169 0 0 0 0.8 0.1 -0.1 141.32223677635193 
-0.964 -0.983 -2.169 0 0 0 0.6 0.2 -0.1 141.4252905845642 
-0.964 -0.983 -2.169 0 0 0 0.4 0.3 -0.1 141.52196717262268 
-0.964 -0.983 -2.169 0 0 0 0.6 0.3 -0.1 141.64008975028992 
-0.964 -0.983 -2.169 0 0 0 0.5 0.3 -0.1 141.76207756996155 
-0.964 -0.983 -2.169 0 0 0 0.3 0.1 -0.1 141.86015129089355 
-0.964 -0.983 -2.169 0 0 0 0.4 0.1 -0.1 141.95748448371887 
-0.964 -0.983 -2.169 0 0 0 0.6 -102.7 -0.1 142.08590531349182 
-0.964 -0.983 -2.169 0 0 0 0.7 0.0 -0.1 142.18416094779968 
-0.964 -0.983 -2.169 0 0 0 0.5 -102.5 -0.1 142.35015964508057 
-0.964 -0.983 -2.169 0 0 0 0.6 0.1 -0.1 142.47199058532715 
-0.964 -0.983 -2.169 0 0 0 0.5 0.1 -0.1 142.62558960914612 
-0.964 -0.983 -2.169 0 0 0 0.3 0.0 -0.1 142.75784587860107 
-0.964 -0.983 -2.169 0 0 0 0.6 0.1 -0.1 142.91529273986816 
-0.964 -0.983 -2.169 0 0 0 0.6 0.1 -0.1 143.03858256340027 
-0.964 -0.983 -2.169 0 0 0 0.9 0.3 -0.1 143.15987086296082 
-0.964 -0.983 -2.169 0 0 0 0.6 0.2 -0.1 143.27135682106018 
-0.964 -0.983 -2.169 0 0 0 0.4 0.2 -0.1 143.36692833900452 
-0.964 -0.983 -2.169 0 0 0 0.5 0.0 -0.1 143.47066521644592 
-0.964 -0.983 -2.169 0 0 0 0.5 0.0 -0.1 143.58057808876038 
-0.964 -0.983 -2.169 0 0 0 0.5 0.0 -0.1 143.68774604797363 
-0.964 -0.983 -2.169 0 0 0 0.7 0.1 -0.1 143.80209589004517 
-0.964 -0.983 -2.169 0 0 0 0.4 -102.5 -0.1 143.93934655189514 
-0.964 -0.983 -2.169 0 0 0 0.5 0.1 -0.1 144.035227060318 
-0.964 -0.983 -2.169 0 0 0 0.5 0.3 -0.1 144.13156247138977 
-0.964 -0.983 -2.169 0 0 0 0.5 0.3 -0.1 144.22921013832092 
-0.964 -0.983 -2.169 0 0 0 0.5 0.0 -0.1 144.3242471218109 
-0.964 -0.983 -2.169 0 0 0 0.5 0.3 -0.1 144.42158222198486 
-0.964 -0.983 -2.169 0 0 0 0.4 0.2 -0.1 144.54372191429138 
-0.964 -0.983 -2.169 0 0 0 0.5 0.2 -0.1 144.64037942886353 
-0.964 -0.983 -2.169 0 0 0 0.3 0.1 -0.1 144.74038076400757 
-0.964 -0.983 -2.169 0 0 0 0.5 0.1 -0.1 144.8940715789795 
-0.964 -0.983 -2.169 0.0 0 0 0.6 0.0 -0.1 144.994065284729 
-0.949 -0.983 -2.169 0.1667 0 0 0.5 0.2 -0.1 145.10080575942993 
-0.937 -0.983 -2.169 0.2 0 0 0.7 0.0 -0.1 145.22468495368958 
-0.914 -0.983 -2.169 0.1667 0 0 0.6 0.3 -0.1 145.32278633117676 
-0.912 -0.983 -2.169 0.0333 0 0 -98.9 -117.9 -0.1 145.47862076759338 
-0.879 -0.983 -2.169 0.3 0 0 -91.4 -124.0 -0.1 145.59746670722961 
-0.862 -0.983 -2.169 0.2833 0 0 -88.1 -182.8 -0.1 145.7494945526123 
-0.822 -0.983 -2.169 0.3333 0 0 -79.1 -343.1 -0.1 145.94400453567505 
-0.76 -0.983 -2.169 0.3333 0 0 -78.3 -324.1 -0.1 146.0894260406494 
-0.717 -0.983 -2.169 0.4167 0 0 -86.6 -307.8 -0.1 146.22977137565613 
-0.67 -0.983 -2.169 0.3667 0 0 -84.0 -188.7 -0.1 146.35536575317383 
-0.622 -0.983 -2.169 0.3833 0 0 -85.8 -171.8 -0.1 146.49750471115112 
-0.57 -0.983 -2.169 0.4667 0 0 -84.8 -179.5 -0.1 146.63629841804504 
-0.518 -0.983 -2.169 0.4167 0 0 -99.2 -316.5 -0.1 146.78959846496582 
-0.44 -0.983 -2.169 0.3833 0 0 -75.8 -201.5 -0.1 146.90817642211914 
-0.416 -0.983 -2.169 0.4 0 0 -71.8 -186.2 -0.1 147.05131697654724 
-0.351 -0.983 -2.169 0.5 0 0 -76.0 -171.2 -0.1 147.190500497818 
-0.298 -0.983 -2.169 0.4167 0 0 -84.6 -184.4 -0.1 147.31550478935242 
-0.239 -0.983 -2.169 0.5333 0 0 -102.1 -177.6 -0.1 147.46183228492737 
-0.179 -0.983 -2.169 0.5333 0 0 -101.2 -311.1 -0.1 147.60547494888306 
-0.116 -0.983 -2.169 0.4667 0 0 -100.5 -372.6 -0.1 147.7677276134491 
-0.032 -0.983 -2.169 0.4833 0 0 -110.1 -194.2 -0.1 147.89274907112122 
0.021 -0.983 -2.169 0.4167 0.0 0 -101.2 -139.4 -0.1 148.04061031341553 
0.078 -0.983 -2.169 0.5 0 0 -83.9 -310.3 -0.1 148.1806812286377 
0.128 -0.983 -2.169 0.4167 0 0 -100.3 -182.7 -0.1 148.32476997375488 
0.185 -0.983 -2.169 0.45 0 0 -125.4 -156.1 -0.1 148.47002148628235 
0.245 -0.983 -2.169 0.5 0 0 -111.1 -308.1 -0.1 148.6125168800354 
0.3 -0.983 -2.169 0.45 0 0 -84.9 -198.3 -0.1 148.74133157730103 
0.357 -0.983 -2.169 0.5 0 0.0 -105.9 -173.6 -0.1 148.88932132720947 
0.422 -0.983 -2.169 0.45 0 0 -94.8 -132.2 -0.1 149.03018236160278 
0.485 -0.983 -2.169 0.55 0 0 -84.2 -186.5 -0.1 149.155291557312 
0.537 -0.983 -2.169 0.4667 0 0 -109.9 -163.7 -0.1 149.30197286605835 
0.599 -0.983 -2.169 0.5333 0 0 -122.8 -196.4 -0.1 149.44871616363525 
0.659 -0.983 -2.169 0.5 0 0 -129.2 -162.7 -0.1 149.59045028686523 
0.751 -0.983 -2.169 0.5833 0 0 -101.9 -156.0 -0.1 149.72526454925537 
0.779 -0.983 -2.169 0.4667 0 0 -104.5 -178.1 -0.1 149.88526368141174 
0.844 -0.983 -2.169 0.4667 0 0 -92.6 -167.1 -0.1 150.034410238266 
0.921 -0.983 -2.169 0.4167 0 0 -89.4 -184.6 -0.1 150.1816086769104 
0.958 -0.983 -2.169 0 0 0 -81.1 -176.4 -0.1 150.29563307762146 
0.956 -0.983 -2.169 0 0 0 -110.6 -313.3 -0.1 150.4382290840149 
0.956 -0.983 -2.169 0 0 0 -113.4 -118.4 -0.1 150.57861256599426 
0.956 -0.983 -2.169 0 0 0 -128.8 -198.7 -0.1 150.70171689987183 
0.956 -0.983 -2.169 0 0 0 -122.4 -138.3 -0.1 150.92877674102783 
0.956 -0.983 -2.169 0 0 0 -125.2 -136.9 -0.1 151.06978917121887 
0.956 -0.983 -2.169 0 0 0 -118.6 -117.6 -0.1 151.19416499137878 
0.956 -0.983 -2.169 0 0 0 -127.4 -199.1 -0.1 151.35066080093384 
0.956 -0.983 -2.169 0 0 0 -116.5 -128.0 -0.1 151.4921910762787 
0.956 -0.983 -2.169 0 0 0 -137.3 -111.3 -0.1 151.62689590454102 
0.956 -0.983 -2.169 0.0 0 0 -132.3 -156.7 -0.1 151.75413346290588 
0.956 -0.983 -2.169 0 0 0 -145.1 -326.8 -0.1 151.896812915802 
0.956 -0.983 -2.169 0 0 0 -220.4 -335.4 -0.1 152.03333234786987 
0.956 -0.983 -2.169 0 0 0 -219.5 -317.2 -0.1 152.15872502326965 
0.956 -0.983 -2.169 0 0 0 -183.0 -171.0 -0.1 152.31447386741638 
0.956 -0.983 -2.169 0 0 0 -120.6 -146.2 -0.1 152.43229174613953 
0.956 -0.983 -2.169 0 0 0 -108.6 -135.8 -0.1 152.57829880714417 
0.956 -0.983 -2.169 0 0 0 -112.2 -123.4 -0.1 152.6955246925354 
0.956 -0.983 -2.169 0 0 0 -108.9 -179.3 -0.1 152.84535002708435 
0.956 -0.983 -2.169 0 0 0 -129.8 -168.7 -0.1 152.96482348442078 
0.956 -0.983 -2.169 0 0 0 -132.2 -157.9 -0.1 153.12528800964355 
0.956 -0.983 -2.169 0 0 0 -169.0 -135.9 -0.1 153.24413585662842 
0.956 -0.983 -2.169 0 0 0.0 -161.8 -181.8 -0.1 153.38542246818542 
0.956 -0.983 -2.169 0 0 0 -164.1 -123.4 -0.1 153.52774667739868 
0.956 -0.983 -2.169 0 0 0 -25.5 -190.0 -0.1 153.66404366493225 
0.956 -0.983 -2.169 0 0 0 0.5 -200.8 -0.1 153.79985451698303 
0.956 -0.983 -2.169 0 0 0 0.6 -111.6 -0.1 153.90577936172485 
0.956 -0.983 -2.169 0 0 0 0.7 -165.3 -0.1 154.038414478302 
0.956 -0.983 -2.169 0 0 0 0.3 -126.6 -0.1 154.15629148483276 
0.956 -0.983 -2.169 0 0 0 0.7 71.2 -0.1 154.26408743858337 
0.956 -0.983 -2.169 0 0 0 0.4 45.4 -0.1 154.37872624397278 
0.956 -0.983 -2.169 0 0 0 0.6 -164.2 -0.1 154.49086833000183 
0.956 -0.983 -2.169 0 0 0 0.4 -107.6 -0.1 154.61756587028503 
0.956 -0.983 -2.169 0 0 0 0.7 0.1 -0.1 154.71589541435242 
0.956 -0.983 -2.169 0 0 0 0.6 0.2 -0.1 154.82236242294312 
0.956 -0.983 -2.169 0 0 0 0.5 0.2 -0.1 154.93073296546936 
0.956 -0.983 -2.169 0 0 0 0.3 -102.5 -0.1 155.07202649116516 
0.956 -0.983 -2.169 0 0 0 0.5 0.1 -0.1 155.1697542667389 
0.956 -0.983 -2.169 0 0 0 0.4 0.1 -0.1 155.267151594162 
0.956 -0.983 -2.169 0 0 0 0.5 0.2 -0.1 155.36270332336426 
0.956 -0.983 -2.169 0 0 0 0.2 0.1 -0.1 155.4798505306244 
0.956 -0.983 -2.169 0 0 0 0.2 0.2 -0.1 155.58389019966125 
0.956 -0.983 -2.169 0 0 0 0.5 0.2 -0.1 155.6803514957428 
0.956 -0.983 -2.169 0 0 0 0.2 0.1 -0.1 155.7884922027588 
0.956 -0.983 -2.169 0 0 0 0.7 -102.5 -0.1 155.89552307128906 
0.956 -0.983 -2.169 0 0 0 0.4 -102.5 -0.1 156.0297553539276 
0.956 -0.983 -2.169 0 0 0 0.5 0.1 -0.1 156.1258900165558 
0.956 -0.983 -2.169 0 0 0 0.5 0.1 -0.1 156.2208013534546 
0.956 -0.983 -2.169 0 0 0 0.2 0.4 -0.1 156.31847763061523 
0.956 -0.983 -2.169 0 0 0 0.3 0.2 -0.1 156.41862893104553 
0.956 -0.983 -2.169 0.0 0 0 0.5 0.2 -0.1 156.5387806892395 
0.956 -0.983 -2.169 0 0 0 0.4 0.0 -0.1 156.63286113739014 
0.956 -0.983 -2.169 0 0 0 0.5 0.0 -0.1 156.75976657867432 
0.956 -0.983 -2.169 0 0 0 0.6 0.1 -0.1 156.85856318473816 
0.956 -0.983 -2.169 0 0 0 0.4 0.2 -0.1 156.9620862007141 
0.956 -0.983 -2.169 0 0 0 0.1 0.1 -0.1 157.05841064453125 
0.956 -0.983 -2.169 0 0 0 0.5 0.1 -0.1 157.17890524864197 
0.956 -0.983 -2.169 0 0 0 0.6 0.0 -0.1 157.27586388587952 
0.956 -0.983 -2.169 0 0 0 0.4 -102.5 -0.1 157.38487935066223 
0.956 -0.983 -2.169 0 0 0 0.5 0.3 -0.1 157.48197531700134 
0.956 -0.983 -2.169 0 0 0 0.3 0.1 -0.1 157.579745054245 
0.956 -0.983 -2.169 0 0 0 0.2 0.3 -0.1 157.6976239681244 
0.956 -0.983 -2.169 0 0 0 0.5 -102.5 -0.1 157.81728100776672 
0.956 -0.983 -2.169 0 0 0 0.4 0.0 -0.1 157.9142792224884 
0.956 -0.983 -2.169 0 0 0 0.5 -102.6 -0.1 158.02392077445984 
0.956 -0.983 -2.169 0 0 0 0.5 0.2 -0.1 158.14231085777283 
0.956 -0.983 -2.169 0 0 0 0.4 0.1 -0.1 158.24409246444702 
0.956 -0.983 -2.169 0 0 0 0.4 -102.5 -0.1 158.35332655906677 
0.956 -0.983 -2.169 0 0 0 0.4 0.1 -0.1 158.44929337501526 
0.956 -0.983 -2.169 0 0 0 0.4 0.2 -0.1 158.54758095741272 
0.956 -0.983 -2.169 0 0 0 0.5 0.0 -0.1 158.64348578453064 
0.956 -0.983 -2.169 0.0 0 0 0.6 0.1 -0.1 158.78205966949463 
0.956 -0.983 -2.169 0 0 0 0.2 0.0 -0.1 158.87827730178833 
0.956 -0.983 -2.169 0 0 0 0.2 0.1 -0.1 158.97629356384277 
0.956 -0.983 -2.169 0 0 0 0.4 0.0 -0.1 159.07232642173767 
0.956 -0.983 -2.169 0 0 0 0.5 -102.5 -0.1 159.20362329483032 
0.956 -0.983 -2.169 0 0 0 0.5 0.1 -0.1 159.3006889820099 
0.956 -0.983 -2.169 0 0 0 0.6 0.0 -0.1 159.39640355110168 
0.956 -0.983 -2.169 0 0 0 0.5 0.2 -0.1 159.49393582344055 
0.956 -0.983 -2.169 0 0 0 0.5 0.0 -0.1 159.58952164649963 
0.956 -0.983 -2.169 0 0 0 0.3 0.0 -0.1 159.71884059906006 
0.956 -0.983 -2.169 0 0 0 0.6 0.1 -0.1 159.81888389587402 
0.956 -0.983 -2.169 0 0 0 0.4 0.2 -0.1 159.9143238067627 
0.956 -0.983 -2.169 0 0 0 0.6 0.2 -0.1 160.01203060150146 
0.956 -0.983 -2.169 0 0 0 0.6 0.1 -0.1 160.11006140708923 
0.956 -0.983 -2.169 0 0 0 0.6 0.1 -0.1 160.22764682769775 
0.956 -0.983 -2.169 0 0 0 0.5 -102.7 -0.1 160.33940815925598 
0.956 -0.983 -2.169 0 0 0 0.5 0.1 -0.1 160.44071531295776 
0.956 -0.983 -2.169 0 0 0 0.4 0.1 -0.1 160.53560781478882 
0.956 -0.983 -2.169 0.0 0 0 0.5 0.3 -0.1 160.67158436775208 
0.956 -0.983 -2.169 0 0 0 0.6 0.0 -0.1 160.77769136428833 
0.956 -0.983 -2.169 0 0 0 0.5 0.3 -0.1 160.89178705215454 
0.956 -0.983 -2.169 0 0.0 0.0 0.4 0.1 -0.1 161.03337502479553 
0.956 -0.983 -2.169 0 0 0 0.3 0.2 -0.1 161.13057732582092 
0.956 -0.983 -2.169 0 0 0 0.6 -102.5 -0.1 161.26881766319275 
0.956 -0.983 -2.169 0 0 0 0.3 0.1 -0.1 161.38394379615784 
0.956 -0.983 -2.169 0 0 0 0.3 0.2 -0.1 161.4814863204956 
0.956 -0.983 -2.169 0 0 0 0.5 0.1 -0.1 161.58403301239014 
0.956 -0.983 -2.169 0 0 0 0.4 0.1 -0.1 161.68332433700562 
0.956 -0.983 -2.169 0 0 0.0 0.3 0.1 -0.1 161.82013583183289 
0.956 -0.983 -2.169 0 0 0 0.6 0.0 -0.1 161.917644739151 
0.956 -0.983 -2.169 0 0 0 0.4 0.1 -0.1 162.02577877044678 
0.956 -0.983 -2.169 0 0 0 0.5 0.1 -0.1 162.12384819984436 
0.956 -0.983 -2.169 0 0 0 0.3 0.1 -0.1 162.22083449363708 
0.956 -0.983 -2.169 0 0 0 0.4 0.2 -0.1 162.3378188610077 
0.956 -0.983 -2.169 0 0 0 0.4 0.2 -0.1 162.43934154510498 
0.956 -0.983 -2.169 0 0 0 0.6 0.2 -0.1 162.5339376926422 
0.956 -0.983 -2.169 0 0 0 0.4 -102.5 -0.1 162.64159202575684 
0.956 -0.983 -2.169 0 0 0 0.5 0.2 -0.1 162.74184727668762 
0.956 -0.983 -2.169 0 0 0.0 0.6 0.3 -0.1 162.88091349601746 
0.956 -0.983 -2.169 0 0 0 0.3 0.0 -0.1 162.97691583633423 
0.956 -0.983 -2.169 0 0 0 0.4 0.0 -0.1 163.0740683078766 
0.956 -0.983 -2.169 0 0 0 0.3 0.0 -0.1 163.17151546478271 
0.956 -0.983 -2.169 0 0 0 0.5 0.1 -0.1 163.26759266853333 
0.956 -0.983 -2.169 0 0 0 0.2 0.4 -0.1 163.38693022727966 
0.956 -0.983 -2.169 0 0 0 0.5 0.1 -0.1 163.4818980693817 
0.956 -0.983 -2.169 0 0 0 0.2 0.0 -0.1 163.57874703407288 
0.956 -0.983 -2.169 0 0 0 0.5 0.0 -0.1 163.67319083213806 
0.956 -0.983 -2.169 0 0 0 0.6 0.1 -0.1 163.80527448654175 
0.956 -0.983 -2.169 0 0 0 0.6 0.1 -0.1 163.90333151817322 
0.956 -0.983 -2.169 0 0 0 0.5 0.3 -0.1 164.00155568122864 
0.956 -0.983 -2.169 0 0 0 0.6 0.1 -0.1 164.0952615737915 
0.956 -0.983 -2.169 0 0 0 0.5 0.2 -0.1 164.1920030117035 
0.956 -0.983 -2.169 0 0 0 0.4 0.1 -0.1 164.29001259803772 
0.956 -0.983 -2.169 0 0 0 0.6 0.2 -0.1 164.39048266410828 
0.956 -0.983 -2.169 0 0.0 0.0 0.4 0.1 -0.1 164.518301486969 
0.956 -0.983 -2.169 0 0 0 0.3 -104.1 -0.1 164.63758945465088 
0.956 -0.983 -2.169 0 0 0 0.6 0.1 -0.1 164.73777318000793 
0.956 -0.983 -2.169 0 0 0 0.5 -102.5 -0.1 164.86491632461548 
0.956 -0.983 -2.169 0 0 0 0.3 -102.5 -0.1 164.9780716896057 
0.956 -0.983 -2.169 0 0 0 0.4 -104.4 -0.1 165.08466124534607 
0.956 -0.983 -2.169 0 0 0 0.7 -195.6 -0.1 165.25226950645447 
0.956 -0.983 -2.169 0.0 0.0 0.0 0.7 -195.7 -0.1 165.3926408290863 
0.943 -0.973 -2.153 -0.1667 0.1167 0.2 0.3 -195.7 -0.1 165.53276085853577 
0.903 -0.973 -2.13 -0.25 0.0 0.1167 0.2 -196.1 -0.1 165.67858242988586 
0.883 -0.973 -2.105 -0.1667 0.0 0.2667 0.6 -203.9 -0.1 165.88932943344116 
0.831 -0.964 -2.026 -0.3 0.1 0.3667 0.7 -353.0 -0.1 166.05124616622925 
0.796 -0.945 -1.984 -0.3333 0.1667 0.3167 0.8 -386.0 -0.1 166.18828749656677 
0.754 -0.92 -1.931 -0.3667 0.25 0.4667 0.7 -385.0 -0.1 166.3320391178131 
0.692 -0.856 -1.883 -0.3333 0.5833 0.4167 0.5 -385.1 -0.1 166.48807072639465 
0.642 -0.786 -1.826 -0.4167 0.5833 0 0.5 -385.5 -0.1 166.62004399299622 
0.597 -0.729 -1.823 -0.3667 0.4333 0 0.5 -384.5 -0.1 166.75633335113525 
0.552 -0.669 -1.823 -0.3667 0.5333 0 0.8 -384.4 -0.1 166.88764119148254 
0.502 -0.602 -1.823 -0.3667 0.5333 0 0.6 -384.5 -0.1 167.02224373817444 
0.45 -0.542 -1.823 -0.45 0.5333 0 0.6 -384.1 -0.1 167.15578198432922 
0.397 -0.482 -1.823 -0.4667 0.4667 0 0.6 -339.3 -0.1 167.2925169467926 
0.34 -0.418 -1.823 -0.5 0.5333 0 0.8 -110.8 -0.1 167.42053747177124 
0.285 -0.371 -1.823 -0.4667 0.3167 0 0.3 0.0 -0.1 167.53438568115234 
0.225 -0.31 -1.823 -0.5 0.5833 0 0.3 -102.6 -0.1 167.66395783424377 
0.168 -0.237 -1.823 -0.5 0.5833 0 0.5 0.1 -0.1 167.7826442718506 
0.138 -0.206 -1.823 -0.5 0.5167 0 0.5 0.0 -0.1 167.90860986709595 
0.081 -0.139 -1.823 -0.5 0.5333 0 0.3 -102.5 -0.1 168.03468823432922 
0.023 -0.085 -1.823 -0.4667 0.4833 0 0.4 0.2 -0.1 168.1574764251709 
-0.034 -0.009 -1.823 -0.5 0.6333 0 0.5 -102.7 -0.1 168.29518795013428 
-0.096 0.058 -1.823 -0.5333 0.5833 0 0.4 0.1 -0.1 168.39436841011047 
-0.126 0.121 -1.823 -0.5 0.5833 0 0.6 0.2 -0.1 168.52076363563538 
-0.184 0.153 -1.823 -0.4667 0 0 0.5 0.2 -0.1 168.62578797340393 
-0.241 0.166 -1.823 -0.45 0 0 0.3 0.1 -0.1 168.7556972503662 
-0.298 0.166 -1.823 -0.4167 0 0 0.5 0.0 -0.1 168.852201461792 
-0.326 0.166 -1.823 -0.4667 0 0 0.5 0.1 -0.1 168.97372674942017 
-0.391 0.166 -1.823 -0.55 0 0 0.4 0.1 -0.1 169.07730531692505 
-0.413 0.166 -1.823 -0.3667 0 0 0.6 -102.7 -0.1 169.2103569507599 
-0.473 0.166 -1.823 -0.55 0 0 0.4 -102.7 -0.1 169.33762574195862 
-0.523 0.166 -1.823 -0.4167 0 0 0.5 0.0 -0.1 169.44776892662048 
-0.57 0.166 -1.823 -0.4167 0 0 0.4 0.2 -0.1 169.54534101486206 
-0.598 0.166 -1.823 -0.4667 0 0 0.5 0.1 -0.1 169.6645107269287 
-0.65 0.166 -1.823 -0.4667 0 0 0.4 0.1 -0.1 169.77982902526855 
-0.705 0.166 -1.823 -0.4667 0 0 0.4 0.0 -0.1 169.87740778923035 
-0.737 0.166 -1.823 -0.5333 0 0 0.4 0.3 -0.1 169.99882793426514 
-0.809 0.166 -1.823 -0.65 0 0 0.6 0.1 -0.1 170.11521697044373 
-0.872 0.166 -1.823 -0.5 0 0 0.4 0.0 -0.1 170.2120931148529 
-0.902 0.166 -1.823 -0.5 0 0 0.8 0.0 -0.1 170.34062576293945 
-0.972 0.166 -1.823 0 0 0 0.6 0.1 -0.1 170.43887567520142 
-0.987 0.166 -1.823 0 0 0 0.3 0.2 -0.1 170.5376181602478 
-0.982 0.166 -1.823 0 0 0 0.5 0.2 -0.1 170.6336543560028 
-0.982 0.166 -1.823 0 0 0 0.6 -102.5 -0.1 170.79288911819458 
-0.982 0.166 -1.823 0 0 0 0.5 0.2 -0.1 170.95940041542053 
-0.982 0.166 -1.823 0 0 0 0.6 0.1 -0.1 171.05486297607422 
-0.982 0.166 -1.823 0 0 0 0.6 0.2 -0.1 171.1515872478485 
-0.982 0.166 -1.823 0 0 0 0.5 0.2 -0.1 171.26943397521973 
-0.982 0.166 -1.823 0 0 0 0.6 0.1 -0.1 171.3707504272461 
-0.982 0.166 -1.823 0 0 0 0.3 0.1 -0.1 171.46757411956787 
-0.982 0.166 -1.823 0 0 0 0.3 0.0 -0.1 171.56403946876526 
-0.982 0.166 -1.823 0 0 0 0.3 0.1 -0.1 171.6608862876892 
-0.982 0.166 -1.823 0 0 0 0.3 0.0 -0.1 171.76291823387146 
-0.982 0.166 -1.823 0 0 0 0.6 0.2 -0.1 171.8787863254547 
-0.982 0.166 -1.823 0 0 0 0.4 0.2 -0.1 171.98316764831543 
-0.982 0.166 -1.823 0 0 0 0.3 0.3 -0.1 172.079327583313 
-0.982 0.166 -1.823 0 0 0 0.4 0.1 -0.1 172.1763141155243 
-0.982 0.166 -1.823 0 0 0 0.5 0.1 -0.1 172.2718539237976 
-0.982 0.166 -1.823 0 0 0 0.6 0.2 -0.1 172.37543725967407 
-0.982 0.166 -1.823 0 0 0 0.5 0.1 -0.1 172.4896683692932 
-0.982 0.166 -1.823 0 0 0 0.4 -102.5 -0.1 172.6015887260437 
-0.982 0.166 -1.823 0 0 0 0.6 0.1 -0.1 172.6992471218109 
-0.982 0.166 -1.823 0 0 0 0.4 0.1 -0.1 172.83276748657227 
-0.982 0.166 -1.823 0 0 0 0.4 0.1 -0.1 172.9444453716278 
-0.982 0.166 -1.823 0 0 0 0.5 0.1 -0.1 173.04944396018982 
-0.982 0.166 -1.823 0 0 0 0.6 0.1 -0.1 173.1788785457611 
-0.982 0.166 -1.823 0 0 0 0.3 0.0 -0.1 173.29529309272766 
-0.982 0.166 -1.823 0 0 0 0.5 0.2 -0.1 173.43175435066223 
-0.982 0.166 -1.823 0 0 0 0.2 0.2 -0.1 173.54465985298157 
-0.982 0.166 -1.823 0 0 0 0.4 0.2 -0.1 173.64334630966187 
-0.982 0.166 -1.823 0 0 0 0.4 -102.7 -0.1 173.78919506072998 
-0.982 0.166 -1.823 0 0 0 0.5 0.3 -0.1 173.89542508125305 
-0.982 0.166 -1.823 0 0 0 0.4 0.1 -0.1 174.00190544128418 
-0.982 0.166 -1.823 0 0 0 0.4 0.2 -0.1 174.13317465782166 
-0.982 0.166 -1.823 0 0 0 0.5 0.3 -0.1 174.22968983650208 
-0.982 0.166 -1.823 0 0 0 0.3 0.1 -0.1 174.32453513145447 
-0.982 0.166 -1.823 0 0 0 0.5 0.0 -0.1 174.45635175704956 
-0.982 0.166 -1.823 0 0 0 0.4 0.1 -0.1 174.54975652694702 
-0.982 0.166 -1.823 0 0 0 0.6 0.0 -0.1 174.65331196784973 
-0.982 0.166 -1.823 0 0 0 0.3 0.2 -0.1 174.77081775665283 
-0.982 0.166 -1.823 0 0 0 0.2 0.1 -0.1 174.88014602661133 
-0.982 0.166 -1.823 0 0 0 0.3 0.1 -0.1 174.99819946289062 
-0.982 0.166 -1.823 0 0 0 0.4 0.0 -0.1 175.1075177192688 
-0.982 0.166 -1.823 0 0 0 0.4 0.2 -0.1 175.22577285766602 
